<?xml version="1.0" encoding="UTF-8"?>
<!-- Generated by org.testng.reporters.JUnitXMLReporter -->
<testsuite ignored="0" hostname="LAPTOP-EQQQ6TJF" failures="0" tests="16" name="Default test" time="32.661" errors="0" timestamp="2025-08-22T10:56:05 IST">
  <testcase classname="testcases.RestAssured_TestCases" name="loginWithSeleniumAndGetCookie" time="16.442"/>
  <testcase classname="testcases.RestAssured_TestCases" name="GetHolidayData" time="1.851"/>
  <testcase classname="testcases.RestAssured_TestCases" name="GetLeaveData" time="0.542"/>
  <testcase classname="testcases.RestAssured_TestCases" name="GetEmpCount" time="0.656"/>
  <testcase classname="testcases.RestAssured_TestCases" name="GetLeaveType" time="0.496"/>
  <testcase classname="testcases.RestAssured_TestCases" name="GetUsageReport" time="1.045"/>
  <testcase classname="testcases.RestAssured_TestCases" name="GetVacancies" time="1.033"/>
  <testcase classname="testcases.RestAssured_TestCases" name="GetJobTitles" time="0.468"/>
  <testcase classname="testcases.RestAssured_TestCases" name="GetEmpPersonalDetails" time="1.555"/>
  <testcase classname="testcases.RestAssured_TestCases" name="GetEmpData" time="1.393"/>
  <testcase classname="testcases.RestAssured_TestCases" name="GetLeaveWorkWeek" time="0.451"/>
  <testcase classname="testcases.RestAssured_TestCases" name="PostEmployee" time="0.777"/>
  <testcase classname="testcases.RestAssured_TestCases" name="putEmployeeDeatils" time="2.566"/>
  <testcase classname="testcases.RestAssured_TestCases" name="PostJobCategoriesTest" time="1.267"/>
  <testcase classname="testcases.RestAssured_TestCases" name="PostCandidate" time="0.947"/>
  <testcase classname="testcases.RestAssured_TestCases" name="DeleterecruitmentCad" time="1.0"/>
</testsuite> <!-- Default test -->
