<?xml version="1.0" encoding="UTF-8"?>
<!-- Generated by org.testng.reporters.JUnitXMLReporter -->
<testsuite ignored="0" hostname="Sukhvinder" failures="0" tests="11" name="Test" time="34.455" errors="0" timestamp="2025-07-15T12:30:29 IST">
  <testcase classname="testcases.RestAssured_TestCases" name="loginWithSeleniumAndGetCookie" time="15.098"/>
  <testcase classname="testcases.RestAssured_TestCases" name="GetHolidayData" time="3.092"/>
  <testcase classname="testcases.RestAssured_TestCases" name="GetLeaveData" time="1.114"/>
  <testcase classname="testcases.RestAssured_TestCases" name="GetEmpCount" time="1.055"/>
  <testcase classname="testcases.RestAssured_TestCases" name="GetLeaveType" time="0.983"/>
  <testcase classname="testcases.RestAssured_TestCases" name="GetUsageReport" time="0.996"/>
  <testcase classname="testcases.RestAssured_TestCases" name="PutTerminationReason" time="1.527"/>
  <testcase classname="testcases.RestAssured_TestCases" name="DeletePim" time="2.143"/>
  <testcase classname="testcases.RestAssured_TestCases" name="PostPimEmp" time="1.027"/>
  <testcase classname="testcases.RestAssured_TestCases" name="PutVimEmp" time="2.015"/>
  <testcase classname="testcases.RestAssured_TestCases" name="DeletePimEmp" time="2.364"/>
</testsuite> <!-- Test -->
